====================================================================================================================================
                                        _______ _________ _______  _        _______  _______ 
                                       (  ____ )\__   __/(  ____ \( \      (  ___  )(  ____ \
                                       | (    )|   ) (   | (    \/| (      | (   ) || (    \/
                                       | (____)|   | |   | |      | |      | (___) || (_____ 
                                       |  _____)   | |   | |      | |      |  ___  |(_____  )
                                       | (         | |   | |      | |      | (   ) |      ) |
                                       | )      ___) (___| (____/\| (____/\| )   ( |/\____) |
                                       |/       \_______/(_______/(_______/|/     \|\_______)
                                                                                                                                    
piclas version 4.2.0 with commit 5eb8e88bb62dbcfa4911b72a90324d7aa8131b3e and build type debug
====================================================================================================================================
====================================================================================================================================
 DEFINING PARAMETERS ...
====================================================================================================================================
====================================================================================================================================
 DEFINING PARAMETERS DONE! --> 156 UNIQUE PARAMETERS DEFINED
====================================================================================================================================
 | Reading from file "parameter.ini":
 | [0;34m                                                                 ColoredOutput[m |                                  T | [0;31mDEFAULT[m | 
====================================================================================================================================
 READING INI DONE! [          0.01 sec ] NOW 17 PARAMETERS ARE SET
====================================================================================================================================
------------------------------------------------------------------------------------------------------------------------------------
 INIT OUTPUT...
 | [0;34m                                                                   ProjectName[m |                       run_particle | [0;32m*CUSTOM[m | 
 | [0;34m                                                                       Logging[m |                                  F | [0;32m*CUSTOM[m | 
 | [0;34m                                                               WriteErrorFiles[m |                                  F | [0;32m*CUSTOM[m | 
 | [0;34m                                                             doPrintStatusLine[m |                                  F | [0;31mDEFAULT[m | 
 | [0;34m                                                            DoWriteStateToHDF5[m |                                  T | [0;31mDEFAULT[m | 
 INIT OUTPUT DONE!
------------------------------------------------------------------------------------------------------------------------------------
------------------------------------------------------------------------------------------------------------------------------------
 INIT IOHDF5 ...
 | [0;34m                                                                 gatheredWrite[m |                                  F | [0;31mDEFAULT[m | 
 | [0;34m                                                               UseCollectiveIO[m |                                  F | [0;31mDEFAULT[m | 
 INIT DONE!
------------------------------------------------------------------------------------------------------------------------------------
 INIT GLOBALS ...
 | [0;34m                                                                            c0[m |                                1.0 | [0;32m*CUSTOM[m | 
 | [0;34m                                                                           eps[m |                                1.0 | [0;32m*CUSTOM[m | 
 | [0;34m                                                                            mu[m |                                1.0 | [0;32m*CUSTOM[m | 
 INIT GLOBALS DONE!
------------------------------------------------------------------------------------------------------------------------------------
------------------------------------------------------------------------------------------------------------------------------------
 INIT LOAD BALANCE ...
 |                                  No LoadBalance (nProcessors=1): DoLoadBalance |                                  F |    INFO | 
 | [0;34m                                                             LoadBalanceSample[m |                                  1 | [0;31mDEFAULT[m | 
 | [0;34m                                                           LoadBalanceMaxSteps[m |                                  1 | [0;31mDEFAULT[m | 
 | [0;34m                                                         PartWeightLoadBalance[m |                                  F | [0;31mDEFAULT[m | 
 | [0;34m                                                      WeightDistributionMethod[m |                                  1 | [0;31mDEFAULT[m | 
 INIT LOAD BALANCE DONE!
------------------------------------------------------------------------------------------------------------------------------------
------------------------------------------------------------------------------------------------------------------------------------
 INIT MPI SHARED COMMUNICATION ...
 | Starting shared communication with 1 procs on 1 node
 INIT MPI SHARED COMMUNICATION DONE!
------------------------------------------------------------------------------------------------------------------------------------
------------------------------------------------------------------------------------------------------------------------------------
 INIT INTERPOLATION...
 | [0;34m                                                                             N[m |                                  1 | [0;32m*CUSTOM[m | 
 |                                     p-adaption minimum polynomial degree: Nmin |                                  1 |    INFO | 
 | [0;34m                                                                          Nmax[m |                                  1 | [0;31mDEFAULT[m | 
 | [0;34m                                                                      NAnalyze[m |                                 10 | [0;32m*CUSTOM[m | 
 INIT INTERPOLATION DONE!
------------------------------------------------------------------------------------------------------------------------------------
------------------------------------------------------------------------------------------------------------------------------------
 INIT TIMEDISC...
 | [0;34m                                                                      CFLScale[m |                                0.5 | [0;32m*CUSTOM[m | 
   CFL:   3.3918333E-01
 | [0;34m                                                                ManualTimeStep[m |                               -1.0 | [0;31mDEFAULT[m | 
 | [0;34m                                                                          TEnd[m |                               12.0 | [0;32m*CUSTOM[m | 
 | [0;34m                                                               IterDisplayStep[m |                                 10 | [0;32m*CUSTOM[m | 
 Method of time integration: LSERK4-5 
 INIT TIMEDISC DONE!
------------------------------------------------------------------------------------------------------------------------------------
 | [0;34m                                                               TimeStampLength[m |                                 21 | [0;31mDEFAULT[m | 
 | [0;34m                                                      Particles-Symmetry-Order[m |                                  3 | [0;31mDEFAULT[m | 
 | [0;34m                                              Particles-Symmetry2DAxisymmetric[m |                                  F | [0;31mDEFAULT[m | 
------------------------------------------------------------------------------------------------------------------------------------
 INIT MAXWELL ...
 | [0;34m                                                                         DoPML[m |                                  F | [0;31mDEFAULT[m | 
 | [0;34m                                                                        c_corr[m |                                1.0 | [0;31mDEFAULT[m | 
 | [0;34m                                                                      fDamping[m |                              0.999 | [0;31mDEFAULT[m | 
 | [0;34m                                                              ParabolicDamping[m |                                  F | [0;31mDEFAULT[m | 
 | [0;34m                                                                   CentralFlux[m |                                  F | [0;31mDEFAULT[m | 
 | [0;34m                                                                       Beam_t0[m |                                0.0 | [0;31mDEFAULT[m | 
 | [0;34m                                                                  IniExactFunc[m |                                  0 | [0;32m*CUSTOM[m | 
 | [0;34m                                                                   BCStateFile[m |                      no file found | [0;31mDEFAULT[m | 
 | [0;34m                                                                    AlphaShape[m |                                  2 | [0;31mDEFAULT[m | 
 | [0;34m                                                                      r_cutoff[m |                                1.0 | [0;31mDEFAULT[m | 
 INIT MAXWELL DONE!
------------------------------------------------------------------------------------------------------------------------------------
 Mortar operators built successfully.
------------------------------------------------------------------------------------------------------------------------------------
 INIT RESTART...
 | [0;34m                                                        RestartNullifySolution[m |                                  F | [0;31mDEFAULT[m | 
 | No restart wanted, doing a fresh computation!
 | [0;34m                                                          DoInitialAutoRestart[m |                                  F | [0;31mDEFAULT[m | 
 | [0;34m                                                      InitialAutoRestartSample[m |                                  1 | [0;31mDEFAULT[m | 
 | [0;34m                                      InitialAutoRestart-PartWeightLoadBalance[m |                                  F | [0;31mDEFAULT[m | 
 | [0;34m                                                             FlushInitialState[m |                                  F | [0;31mDEFAULT[m | 
 INIT RESTART DONE!
------------------------------------------------------------------------------------------------------------------------------------
------------------------------------------------------------------------------------------------------------------------------------
 INIT MESH...
 | [0;34m                                                                  CalcMeshInfo[m |                                  F | [0;31mDEFAULT[m | 
 | [0;34m                                                                      MeshFile[m |                   periodic_mesh.h5 | [0;32m*CUSTOM[m | 
 | [0;34m                                                                    useCurveds[m |                                  T | [0;32m*CUSTOM[m | 
 |                                                                           NGeo |                                  1 |    INFO | 
 | [0;34m                                                                     meshScale[m |                                1.0 | [0;31mDEFAULT[m | 
 | [0;34m                                                           readFEMconnectivity[m |                                  F | [0;31mDEFAULT[m | 
------------------------------------------------------------------------------------------------------------------------------------
 READ MESH FROM DATA FILE "periodic_mesh.h5" ... DONE [ 0.00 sec ] [ 0:00:00:00 ]
....................................................................................................................................
 DOMAIN DECOMPOSITION ... No ElemTime found in restart file ...  DONE! [ 0.00 sec ] [ 0:00:00:00 ]
------------------------------------------------------------------------------------------------------------------------------------
....................................................................................................................................
 BOUNDARY CONDITIONS              |                Name      Type     State     Alpha
 |                                |       BC_periodicx+         1         0         1
 |                                |       BC_periodicx-         1         0        -1
 |                                |       BC_periodicy+         1         0         2
 |                                |       BC_periodicy-         1         0        -2
 |                                |       BC_periodicz+         1         0         3
 |                                |       BC_periodicz-         1         0        -3
....................................................................................................................................
 |                         nElems | 8
 |                 nNodes, unique | 0
 |                 nNodes, total  | 64
 |                 nSides         | 24
 |                 nSides,    BC  | 0
 |                 nSides,   MPI  | 0
 |                 nSides, Inner  | 24
 |                 nSides,Mortar  | 0
 |           nPeriodicSides,Total | 12
 |           nPeriodicSides,Inner | 12
 |           nPeriodicSides,  MPI | 0
 |                  nAnalyzeSides | 12
 |                     useCurveds | T
 |                           Ngeo | 1
....................................................................................................................................
------------------------------------------------------------------------------------------------------------------------------------
 | [0;34m                                                                    meshdeform[m |                                  F | [0;31mDEFAULT[m | 
NOW CALLING setLocalSideIDs...
 | [0;34m                                                            writePartitionInfo[m |                                  F | [0;31mDEFAULT[m | 
NOW CALLING exchangeFlip...
NOW CALLING fillMeshInfo...
....................................................................................................................................
 |         nSides with Flip=0     | 24
 |         nSides with Flip=1     | 16
 |         nSides with Flip=2     | 8
 |         nSides with Flip=3     | 0
 |         nSides with Flip=4     | 0
....................................................................................................................................
 |         nSides of MortarType=1 | 0
 |         nSides of MortarType=2 | 0
 |         nSides of MortarType=3 | 0
....................................................................................................................................
 | [0;34m                                                                 pAdaptionType[m |                           none (0) | [0;31mDEFAULT[m | 
myrank=      0               Allocated N_DG_Mapping_Shared_Win with WIN_SIZE =                   96
 | [0;34m                                                           crossProductMetrics[m |                                  F | [0;31mDEFAULT[m | 
NOW CALLING calcMetrics...
 | [0;34m                                                                  meshCheckRef[m |                                  T | [0;31mDEFAULT[m | 
 Smallest scaled Jacobian in reference system:  1.0000000000E+000 (8 global elements). Abort threshold is set to: 1.00000E-002
 Calculation of metrics took [ 0.00 sec ] [ 0:00:00:00 ]
InitMesh: NOW CALLING deleteMeshPointer...
------------------------------------------------------------------------------------------------------------------------------------
 INIT ELEMENT GEOMETRY INFORMATION ...
 |              Total MESH Volume |                    0.20000000E+01
 INIT ELEMENT GEOMETRY INFORMATION DONE!
------------------------------------------------------------------------------------------------------------------------------------
 INIT MESH DONE!
------------------------------------------------------------------------------------------------------------------------------------
 | [0;34m                                                                     GroupSize[m |                                  0 | [0;31mDEFAULT[m | 
 | Starting gathered I/O communication with 1 procs in 1 group
 | [0;34m                                                                      RP_inUse[m |                                  F | [0;31mDEFAULT[m | 
------------------------------------------------------------------------------------------------------------------------------------
 INIT PML...
 PML region deactivated. 
------------------------------------------------------------------------------------------------------------------------------------
 INIT Dielectric...
 | [0;34m                                                                  DoDielectric[m |                                  F | [0;31mDEFAULT[m | 
 Dielectric region deactivated. 
------------------------------------------------------------------------------------------------------------------------------------
 INIT DG...
 INIT DG DONE!
------------------------------------------------------------------------------------------------------------------------------------
------------------------------------------------------------------------------------------------------------------------------------
 INIT ANALYZE...
 | [0;34m                                                              DoCalcErrorNorms[m |                                  T | [0;32m*CUSTOM[m | 
 | [0;34m                                                          OutputErrorNormsToH5[m |                                  F | [0;31mDEFAULT[m | 
 | [0;34m                                                                    Analyze_dt[m |                               12.0 | [0;32m*CUSTOM[m | 
 | [0;34m                                                                  nSkipAnalyze[m |                                  1 | [0;31mDEFAULT[m | 
 | [0;34m                                                             SkipAnalyzeWindow[m |                               -1.0 | [0;31mDEFAULT[m | 
 | [0;34m                                                               OutputTimeFixed[m |                               -1.0 | [0;31mDEFAULT[m | 
 | [0;34m                                                               CalcTimeAverage[m |                                  F | [0;31mDEFAULT[m | 
 | [0;34m                                                             Field-AnalyzeStep[m |                                  1 | [0;31mDEFAULT[m | 
 | [0;34m                                                           CalcPotentialEnergy[m |                                  T | [0;32m*CUSTOM[m | 
 | [0;34m                                                       CalcPoyntingVecIntegral[m |                                  F | [0;31mDEFAULT[m | 
 | [0;34m                                                       CalcBoundaryFieldOutput[m |                                  F | [0;31mDEFAULT[m | 
 | [0;34m                                                          DoMeasureAnalyzeTime[m |                                  F | [0;31mDEFAULT[m | 
 INIT ANALYZE DONE!
------------------------------------------------------------------------------------------------------------------------------------
 | [0;34m                                                       CalcPointsPerWavelength[m |                                  F | [0;31mDEFAULT[m | 
------------------------------------------------------------------------------------------------------------------------------------
 INIT INTERFACES...
 INIT INTERFACES DONE!
------------------------------------------------------------------------------------------------------------------------------------
====================================================================================================================================
 Following 0 Parameters are defined in INI but not called!
====================================================================================================================================
 DELETING OLD HDF5 FILES... DONE!
====================================================================================================================================
 INITIALIZATION DONE! [ 0.02 sec ] [ 0:00:00:00 ]
====================================================================================================================================
#GridCells :    8.0000000E+00
#DOFs      :    6.4000000E+01   |   polynomial degree min/max : 1/1  |   #DOFs in each element min/max : 8/8
#Procs     :    1.0000000E+00
#DOFs/Proc :    6.4000000E+01
------------------------------------------------------------------------------------------------------------------------------------
Initial Timestep  :    6.7836667E-02
 L_2       :    0.0000000E+00   0.0000000E+00   0.0000000E+00   0.0000000E+00   0.0000000E+00   0.0000000E+00   0.0000000E+00   0.0000000E+00
 L_inf     :    0.0000000E+00   0.0000000E+00   0.0000000E+00   0.0000000E+00   0.0000000E+00   0.0000000E+00   0.0000000E+00   0.0000000E+00
 Sim time  :    0.0000000E+00
====================================================================================================================================
 WRITE STATE TO HDF5 FILE [run_particle_State_000.00000000000000000.h5] ... DONE [ 0.00 sec ] [ 0:00:00:00 ]
 CALCULATION RUNNING...
 iter:                   10 time:   6.7836666666666734E-001
 iter:                   20 time:   1.3567333333333349E+000
 iter:                   30 time:   2.0351000000000026E+000
 iter:                   40 time:   2.7134666666666680E+000
 iter:                   50 time:   3.3918333333333335E+000
 iter:                   60 time:   4.0701999999999989E+000
 iter:                   70 time:   4.7485666666666644E+000
 iter:                   80 time:   5.4269333333333298E+000
 iter:                   90 time:   6.1052999999999953E+000
 iter:                  100 time:   6.7836666666666607E+000
 iter:                  110 time:   7.4620333333333262E+000
 iter:                  120 time:   8.1403999999999925E+000
 iter:                  130 time:   8.8187666666666580E+000
 iter:                  140 time:   9.4971333333333234E+000
 iter:                  150 time:   1.0175499999999989E+001
 iter:                  160 time:   1.0853866666666654E+001
 iter:                  170 time:   1.1532233333333320E+001
 L_2       :    0.0000000E+00   0.0000000E+00   0.0000000E+00   0.0000000E+00   0.0000000E+00   0.0000000E+00   0.0000000E+00   0.0000000E+00
 L_inf     :    0.0000000E+00   0.0000000E+00   0.0000000E+00   0.0000000E+00   0.0000000E+00   0.0000000E+00   0.0000000E+00   0.0000000E+00
 Sim time  :    1.2000000E+01
....................................................................................................................................
 PICLAS RUNNING run_particle... [ 0.12 sec ] [ 0:00:00:00 ]
------------------------------------------------------------------------------------------------------------------------------------
------------------------------------------------------------------------------------------------------------------------------------
 Sys date  :    25.06.2026 14:43:54
 PID: CALCULATION TIME PER TSTEP/DOF: [ 7.97653E-06 sec ]
 EFFICIENCY: SIMULATION TIME PER CALCULATION in [s]/[Core-h]: [ 3.85846E+05 sec/h ]
 Timestep  :    6.7836667E-02
#Timesteps :    1.7700000E+02
 WRITE STATE TO HDF5 FILE [run_particle_State_012.00000000000000000.h5] ... DONE [ 0.00 sec ] [ 0:00:00:00 ]
------------------------------------------------------------------------------------------------------------------------------------
myrank=      0                          Unlocking N_DG_Mapping_Shared_Win with MPI_WIN_UNLOCK_ALL()
myrank=      0                     Freeing window N_DG_Mapping_Shared_Win with       MPI_WIN_FREE()
====================================================================================================================================
 PICLAS FINISHED! [ 0.13 sec ] [ 0:00:00:00 ]
====================================================================================================================================
